c:\users\pin0p\downloads\c++\util\vs 2008\도서자료_visual+c+++2008+mfc+윈도우프로그래밍(예제파일)_20180420\열혈강의 visual c++ 윈도우 프로그래밍 - 예제 소스코드\part 6 기타주제\37장 소켓 프로그래밍\chatserver\chatserver\debug\chatserver.pch
c:\users\pin0p\downloads\c++\util\vs 2008\도서자료_visual+c+++2008+mfc+윈도우프로그래밍(예제파일)_20180420\열혈강의 visual c++ 윈도우 프로그래밍 - 예제 소스코드\part 6 기타주제\37장 소켓 프로그래밍\chatserver\chatserver\debug\stdafx.obj
c:\users\pin0p\downloads\c++\util\vs 2008\도서자료_visual+c+++2008+mfc+윈도우프로그래밍(예제파일)_20180420\열혈강의 visual c++ 윈도우 프로그래밍 - 예제 소스코드\part 6 기타주제\37장 소켓 프로그래밍\chatserver\chatserver\debug\vc100.pdb
c:\users\pin0p\downloads\c++\util\vs 2008\도서자료_visual+c+++2008+mfc+윈도우프로그래밍(예제파일)_20180420\열혈강의 visual c++ 윈도우 프로그래밍 - 예제 소스코드\part 6 기타주제\37장 소켓 프로그래밍\chatserver\chatserver\debug\chatserver.obj
c:\users\pin0p\downloads\c++\util\vs 2008\도서자료_visual+c+++2008+mfc+윈도우프로그래밍(예제파일)_20180420\열혈강의 visual c++ 윈도우 프로그래밍 - 예제 소스코드\part 6 기타주제\37장 소켓 프로그래밍\chatserver\chatserver\debug\chatserverdlg.obj
c:\users\pin0p\downloads\c++\util\vs 2008\도서자료_visual+c+++2008+mfc+윈도우프로그래밍(예제파일)_20180420\열혈강의 visual c++ 윈도우 프로그래밍 - 예제 소스코드\part 6 기타주제\37장 소켓 프로그래밍\chatserver\chatserver\debug\clientsocket.obj
c:\users\pin0p\downloads\c++\util\vs 2008\도서자료_visual+c+++2008+mfc+윈도우프로그래밍(예제파일)_20180420\열혈강의 visual c++ 윈도우 프로그래밍 - 예제 소스코드\part 6 기타주제\37장 소켓 프로그래밍\chatserver\chatserver\debug\listensocket.obj
c:\users\pin0p\onedrive\문서\visual studio 2010\projects\37장 소켓 프로그래밍\chatserver\chatserver\debug\chatserver.pch
c:\users\pin0p\onedrive\문서\visual studio 2010\projects\37장 소켓 프로그래밍\chatserver\chatserver\debug\stdafx.obj
c:\users\pin0p\onedrive\문서\visual studio 2010\projects\37장 소켓 프로그래밍\chatserver\chatserver\debug\vc100.pdb
c:\users\pin0p\onedrive\문서\visual studio 2010\projects\37장 소켓 프로그래밍\chatserver\chatserver\debug\chatserver.obj
c:\users\pin0p\onedrive\문서\visual studio 2010\projects\37장 소켓 프로그래밍\chatserver\chatserver\debug\chatserverdlg.obj
c:\users\pin0p\onedrive\문서\visual studio 2010\projects\37장 소켓 프로그래밍\chatserver\chatserver\debug\clientsocket.obj
c:\users\pin0p\onedrive\문서\visual studio 2010\projects\37장 소켓 프로그래밍\chatserver\chatserver\debug\listensocket.obj
c:\users\pin0p\downloads\c++\util\vs 2008\도서자료_visual+c+++2008+mfc+윈도우프로그래밍(예제파일)_20180420\열혈강의 visual c++ 윈도우 프로그래밍 - 예제 소스코드\part 6 기타주제\37장 소켓 프로그래밍\chatserver\debug\chatserver.ilk
c:\users\pin0p\downloads\c++\util\vs 2008\도서자료_visual+c+++2008+mfc+윈도우프로그래밍(예제파일)_20180420\열혈강의 visual c++ 윈도우 프로그래밍 - 예제 소스코드\part 6 기타주제\37장 소켓 프로그래밍\chatserver\debug\chatserver.exe
c:\users\pin0p\downloads\c++\util\vs 2008\도서자료_visual+c+++2008+mfc+윈도우프로그래밍(예제파일)_20180420\열혈강의 visual c++ 윈도우 프로그래밍 - 예제 소스코드\part 6 기타주제\37장 소켓 프로그래밍\chatserver\chatserver\debug\chatserver.exe.intermediate.manifest
c:\users\pin0p\downloads\c++\util\vs 2008\도서자료_visual+c+++2008+mfc+윈도우프로그래밍(예제파일)_20180420\열혈강의 visual c++ 윈도우 프로그래밍 - 예제 소스코드\part 6 기타주제\37장 소켓 프로그래밍\chatserver\debug\chatserver.pdb
c:\users\pin0p\onedrive\문서\visual studio 2010\projects\37장 소켓 프로그래밍\chatserver\debug\chatserver.ilk
c:\users\pin0p\onedrive\문서\visual studio 2010\projects\37장 소켓 프로그래밍\chatserver\debug\chatserver.exe
c:\users\pin0p\onedrive\문서\visual studio 2010\projects\37장 소켓 프로그래밍\chatserver\chatserver\debug\chatserver.exe.intermediate.manifest
c:\users\pin0p\onedrive\문서\visual studio 2010\projects\37장 소켓 프로그래밍\chatserver\debug\chatserver.pdb
c:\users\pin0p\downloads\c++\util\vs 2008\도서자료_visual+c+++2008+mfc+윈도우프로그래밍(예제파일)_20180420\열혈강의 visual c++ 윈도우 프로그래밍 - 예제 소스코드\part 6 기타주제\37장 소켓 프로그래밍\chatserver\chatserver\debug\chatserver.exe.embed.manifest
c:\users\pin0p\downloads\c++\util\vs 2008\도서자료_visual+c+++2008+mfc+윈도우프로그래밍(예제파일)_20180420\열혈강의 visual c++ 윈도우 프로그래밍 - 예제 소스코드\part 6 기타주제\37장 소켓 프로그래밍\chatserver\chatserver\debug\chatserver.res
c:\users\pin0p\downloads\c++\util\vs 2008\도서자료_visual+c+++2008+mfc+윈도우프로그래밍(예제파일)_20180420\열혈강의 visual c++ 윈도우 프로그래밍 - 예제 소스코드\part 6 기타주제\37장 소켓 프로그래밍\chatserver\chatserver\debug\chatserver.exe.embed.manifest.res
c:\users\pin0p\onedrive\문서\visual studio 2010\projects\37장 소켓 프로그래밍\chatserver\chatserver\debug\chatserver.res
c:\users\pin0p\onedrive\문서\visual studio 2010\projects\37장 소켓 프로그래밍\chatserver\chatserver\debug\chatserver.exe.embed.manifest.res
c:\users\pin0p\source\repos\220221_프토토콜 테스트\chatserver\chatserver\debug\chatserver.pch
c:\users\pin0p\source\repos\220221_프토토콜 테스트\chatserver\chatserver\debug\vc142.pdb
c:\users\pin0p\source\repos\220221_프토토콜 테스트\chatserver\chatserver\debug\vc142.idb
c:\users\pin0p\source\repos\220221_프토토콜 테스트\chatserver\chatserver\debug\stdafx.obj
c:\users\pin0p\source\repos\220221_프토토콜 테스트\chatserver\chatserver\debug\chatserver.obj
c:\users\pin0p\source\repos\220221_프토토콜 테스트\chatserver\chatserver\debug\clientsocket.obj
c:\users\pin0p\source\repos\220221_프토토콜 테스트\chatserver\chatserver\debug\listensocket.obj
c:\users\pin0p\source\repos\220221_프토토콜 테스트\chatserver\chatserver\debug\chatserverdlg.obj
c:\users\pin0p\source\repos\220221_고도화\chatserver\chatserver\debug\chatserver.pch
c:\users\pin0p\source\repos\220221_고도화\chatserver\chatserver\debug\vc142.pdb
c:\users\pin0p\source\repos\220221_고도화\chatserver\chatserver\debug\vc142.idb
c:\users\pin0p\source\repos\220221_고도화\chatserver\chatserver\debug\stdafx.obj
c:\users\pin0p\source\repos\220221_고도화\chatserver\chatserver\debug\chatserver.obj
c:\users\pin0p\source\repos\220221_고도화\chatserver\chatserver\debug\chatserverdlg.obj
c:\users\pin0p\source\repos\220221_고도화\chatserver\chatserver\debug\clientsocket.obj
c:\users\pin0p\source\repos\220221_고도화\chatserver\chatserver\debug\listensocket.obj
c:\users\pin0p\source\repos\220820\chatserver\chatserver\debug\chatserver.pch
c:\users\pin0p\source\repos\220820\chatserver\chatserver\debug\vc142.pdb
c:\users\pin0p\source\repos\220820\chatserver\chatserver\debug\vc142.idb
c:\users\pin0p\source\repos\220820\chatserver\chatserver\debug\stdafx.obj
c:\users\pin0p\source\repos\220820\chatserver\chatserver\debug\chatserver.obj
c:\users\pin0p\source\repos\220820\chatserver\chatserver\debug\clientsocket.obj
c:\users\pin0p\source\repos\220820\chatserver\chatserver\debug\listensocket.obj
c:\users\pin0p\source\repos\220820\chatserver\chatserver\debug\chatserverdlg.obj
c:\users\pin0p\source\repos\220822\chatserver\chatserver\debug\chatserver.pch
c:\users\pin0p\source\repos\220822\chatserver\chatserver\debug\vc142.pdb
c:\users\pin0p\source\repos\220822\chatserver\chatserver\debug\vc142.idb
c:\users\pin0p\source\repos\220822\chatserver\chatserver\debug\stdafx.obj
c:\users\pin0p\source\repos\220822\chatserver\chatserver\debug\chatserver.obj
c:\users\pin0p\source\repos\220822\chatserver\chatserver\debug\chatserverdlg.obj
c:\users\pin0p\source\repos\220822\chatserver\chatserver\debug\clientsocket.obj
c:\users\pin0p\source\repos\220822\chatserver\chatserver\debug\listensocket.obj
c:\users\pin0p\source\repos\220823\chatserver\chatserver\debug\chatserver.pch
c:\users\pin0p\source\repos\220823\chatserver\chatserver\debug\vc142.pdb
c:\users\pin0p\source\repos\220823\chatserver\chatserver\debug\vc142.idb
c:\users\pin0p\source\repos\220823\chatserver\chatserver\debug\stdafx.obj
c:\users\pin0p\source\repos\220823\chatserver\chatserver\debug\chatserver.obj
c:\users\pin0p\source\repos\220823\chatserver\chatserver\debug\chatserverdlg.obj
c:\users\pin0p\source\repos\220823\chatserver\chatserver\debug\clientsocket.obj
c:\users\pin0p\source\repos\220823\chatserver\chatserver\debug\listensocket.obj
c:\users\pin0p\source\repos\220221_프토토콜 테스트\chatserver\debug\chatserver.exe
c:\users\pin0p\source\repos\220221_프토토콜 테스트\chatserver\chatserver\debug\chatserver.ilk
c:\users\pin0p\source\repos\220221_프토토콜 테스트\chatserver\debug\chatserver.pdb
c:\users\pin0p\source\repos\220221_고도화\chatserver\debug\chatserver.exe
c:\users\pin0p\source\repos\220221_고도화\chatserver\chatserver\debug\chatserver.ilk
c:\users\pin0p\source\repos\220221_고도화\chatserver\debug\chatserver.pdb
c:\users\pin0p\source\repos\220820\chatserver\debug\chatserver.exe
c:\users\pin0p\source\repos\220820\chatserver\chatserver\debug\chatserver.ilk
c:\users\pin0p\source\repos\220820\chatserver\debug\chatserver.pdb
c:\users\pin0p\source\repos\220822\chatserver\debug\chatserver.exe
c:\users\pin0p\source\repos\220822\chatserver\chatserver\debug\chatserver.ilk
c:\users\pin0p\source\repos\220822\chatserver\debug\chatserver.pdb
c:\users\pin0p\source\repos\220823\chatserver\debug\chatserver.exe
c:\users\pin0p\source\repos\220823\chatserver\chatserver\debug\chatserver.ilk
c:\users\pin0p\source\repos\220823\chatserver\debug\chatserver.pdb
c:\users\pin0p\source\repos\220221_프토토콜 테스트\chatserver\chatserver\debug\chatserver.res
c:\users\pin0p\source\repos\220221_고도화\chatserver\chatserver\debug\chatserver.res
c:\users\pin0p\source\repos\220820\chatserver\chatserver\debug\chatserver.res
c:\users\pin0p\source\repos\220822\chatserver\chatserver\debug\chatserver.res
c:\users\pin0p\source\repos\220823\chatserver\chatserver\debug\chatserver.res
c:\users\pin0p\source\repos\220823\chatserver\chatserver\debug\chatserver.write.1.tlog
c:\users\pin0p\source\repos\220823\chatserver\chatserver\debug\cl.command.1.tlog
c:\users\pin0p\source\repos\220823\chatserver\chatserver\debug\cl.read.1.tlog
c:\users\pin0p\source\repos\220823\chatserver\chatserver\debug\cl.write.1.tlog
c:\users\pin0p\source\repos\220823\chatserver\chatserver\debug\link-cvtres.read.1.tlog
c:\users\pin0p\source\repos\220823\chatserver\chatserver\debug\link-cvtres.write.1.tlog
c:\users\pin0p\source\repos\220823\chatserver\chatserver\debug\link.command.1.tlog
c:\users\pin0p\source\repos\220823\chatserver\chatserver\debug\link.read.1.tlog
c:\users\pin0p\source\repos\220823\chatserver\chatserver\debug\link.write.1.tlog
c:\users\pin0p\source\repos\220823\chatserver\chatserver\debug\mt.command.1.tlog
c:\users\pin0p\source\repos\220823\chatserver\chatserver\debug\mt.read.1.tlog
c:\users\pin0p\source\repos\220823\chatserver\chatserver\debug\mt.write.1.tlog
c:\users\pin0p\source\repos\220823\chatserver\chatserver\debug\rc.command.1.tlog
c:\users\pin0p\source\repos\220823\chatserver\chatserver\debug\rc.read.1.tlog
c:\users\pin0p\source\repos\220823\chatserver\chatserver\debug\rc.write.1.tlog
c:\users\pin0p\source\repos\220823\chatserver\chatserver\debug\chatserver.exe.embed.manifest
c:\users\pin0p\source\repos\220823\chatserver\chatserver\debug\chatserver.exe.intermediate.manifest
c:\users\pin0p\source\repos\220823\chatserver\chatserver\debug\chatserver.exe.embed.manifest.res
c:\users\pin0p\source\repos\220823\chatserver\chatserver\debug\vc100.idb
c:\users\pin0p\source\repos\220823\chatserver\chatserver\debug\vc100.pdb
c:\users\pin0p\source\repos\220823\chatserver\chatserver\debug\chatserver_manifest.rc
c:\users\pin0p\source\repos\220823\chatserver\chatserver\debug\chatserver.tlog\cl.command.1.tlog
c:\users\pin0p\source\repos\220823\chatserver\chatserver\debug\chatserver.tlog\cl.read.1.tlog
c:\users\pin0p\source\repos\220823\chatserver\chatserver\debug\chatserver.tlog\cl.write.1.tlog
c:\users\pin0p\source\repos\220823\chatserver\chatserver\debug\chatserver.tlog\link.command.1.tlog
c:\users\pin0p\source\repos\220823\chatserver\chatserver\debug\chatserver.tlog\link.read.1.tlog
c:\users\pin0p\source\repos\220823\chatserver\chatserver\debug\chatserver.tlog\link.write.1.tlog
c:\users\pin0p\source\repos\220823\chatserver\chatserver\debug\chatserver.tlog\rc.command.1.tlog
c:\users\pin0p\source\repos\220823\chatserver\chatserver\debug\chatserver.tlog\rc.read.1.tlog
c:\users\pin0p\source\repos\220823\chatserver\chatserver\debug\chatserver.tlog\rc.write.1.tlog
